{"D:\\hacktiv8\\newIndividu\\IP-RMT52\\server\\app.js": {"path":"D:\\hacktiv8\\newIndividu\\IP-RMT52\\server\\app.js","statementMap":{"0":{"start":{"line":1,"column":0},"end":{"line":3,"column":1}},"1":{"start":{"line":2,"column":4},"end":{"line":2,"column":30}},"2":{"start":{"line":4,"column":16},"end":{"line":4,"column":34}},"3":{"start":{"line":5,"column":24},"end":{"line":5,"column":63}},"4":{"start":{"line":6,"column":23},"end":{"line":6,"column":62}},"5":{"start":{"line":7,"column":25},"end":{"line":7,"column":62}},"6":{"start":{"line":8,"column":23},"end":{"line":8,"column":58}},"7":{"start":{"line":10,"column":12},"end":{"line":10,"column":21}},"8":{"start":{"line":11,"column":13},"end":{"line":11,"column":28}},"9":{"start":{"line":12,"column":13},"end":{"line":12,"column":37}},"10":{"start":{"line":13,"column":0},"end":{"line":15,"column":2}},"11":{"start":{"line":14,"column":4},"end":{"line":14,"column":32}},"12":{"start":{"line":17,"column":0},"end":{"line":17,"column":15}},"13":{"start":{"line":18,"column":0},"end":{"line":18,"column":48}},"14":{"start":{"line":19,"column":0},"end":{"line":19,"column":23}},"15":{"start":{"line":20,"column":15},"end":{"line":20,"column":32}},"16":{"start":{"line":21,"column":15},"end":{"line":21,"column":58}},"17":{"start":{"line":23,"column":0},"end":{"line":23,"column":49}},"18":{"start":{"line":24,"column":0},"end":{"line":24,"column":55}},"19":{"start":{"line":25,"column":0},"end":{"line":25,"column":41}},"20":{"start":{"line":26,"column":0},"end":{"line":26,"column":54}},"21":{"start":{"line":27,"column":0},"end":{"line":27,"column":46}},"22":{"start":{"line":28,"column":0},"end":{"line":28,"column":89}},"23":{"start":{"line":30,"column":0},"end":{"line":30,"column":23}},"24":{"start":{"line":32,"column":0},"end":{"line":32,"column":45}},"25":{"start":{"line":33,"column":0},"end":{"line":33,"column":60}},"26":{"start":{"line":34,"column":0},"end":{"line":34,"column":48}},"27":{"start":{"line":35,"column":0},"end":{"line":35,"column":63}},"28":{"start":{"line":36,"column":0},"end":{"line":36,"column":66}},"29":{"start":{"line":37,"column":0},"end":{"line":37,"column":53}},"30":{"start":{"line":38,"column":0},"end":{"line":38,"column":55}},"31":{"start":{"line":39,"column":0},"end":{"line":39,"column":67}},"32":{"start":{"line":40,"column":0},"end":{"line":40,"column":70}},"33":{"start":{"line":41,"column":0},"end":{"line":41,"column":73}},"34":{"start":{"line":42,"column":0},"end":{"line":42,"column":55}},"35":{"start":{"line":43,"column":0},"end":{"line":43,"column":82}},"36":{"start":{"line":45,"column":0},"end":{"line":45,"column":104}},"37":{"start":{"line":48,"column":0},"end":{"line":48,"column":21}},"38":{"start":{"line":50,"column":0},"end":{"line":52,"column":2}},"39":{"start":{"line":51,"column":4},"end":{"line":51,"column":67}},"40":{"start":{"line":54,"column":0},"end":{"line":54,"column":20}}},"fnMap":{"0":{"name":"(anonymous_0)","decl":{"start":{"line":13,"column":13},"end":{"line":13,"column":14}},"loc":{"start":{"line":13,"column":27},"end":{"line":15,"column":1}},"line":13},"1":{"name":"(anonymous_1)","decl":{"start":{"line":50,"column":17},"end":{"line":50,"column":18}},"loc":{"start":{"line":50,"column":23},"end":{"line":52,"column":1}},"line":50}},"branchMap":{"0":{"loc":{"start":{"line":1,"column":0},"end":{"line":3,"column":1}},"type":"if","locations":[{"start":{"line":1,"column":0},"end":{"line":3,"column":1}},{"start":{},"end":{}}],"line":1},"1":{"loc":{"start":{"line":12,"column":13},"end":{"line":12,"column":37}},"type":"binary-expr","locations":[{"start":{"line":12,"column":13},"end":{"line":12,"column":29}},{"start":{"line":12,"column":33},"end":{"line":12,"column":37}}],"line":12}},"s":{"0":2,"1":2,"2":2,"3":2,"4":2,"5":2,"6":2,"7":2,"8":2,"9":2,"10":2,"11":0,"12":2,"13":2,"14":2,"15":2,"16":2,"17":2,"18":2,"19":2,"20":2,"21":2,"22":2,"23":2,"24":2,"25":2,"26":2,"27":2,"28":2,"29":2,"30":2,"31":2,"32":2,"33":2,"34":2,"35":2,"36":2,"37":2,"38":2,"39":1,"40":2},"f":{"0":0,"1":1},"b":{"0":[2,0],"1":[2,2]},"_coverageSchema":"1a1c01bbd47fc00a2c39e90264f33305004495a9","hash":"8f197528f3a8678dfaa7c1d13a6642cb83269594"}
,"D:\\hacktiv8\\newIndividu\\IP-RMT52\\server\\controller\\EventController.js": {"path":"D:\\hacktiv8\\newIndividu\\IP-RMT52\\server\\controller\\EventController.js","statementMap":{"0":{"start":{"line":1,"column":28},"end":{"line":1,"column":56}},"1":{"start":{"line":2,"column":22},"end":{"line":2,"column":47}},"2":{"start":{"line":3,"column":34},"end":{"line":3,"column":54}},"3":{"start":{"line":4,"column":15},"end":{"line":4,"column":35}},"4":{"start":{"line":5,"column":25},"end":{"line":5,"column":55}},"5":{"start":{"line":6,"column":15},"end":{"line":6,"column":43}},"6":{"start":{"line":7,"column":15},"end":{"line":7,"column":33}},"7":{"start":{"line":8,"column":15},"end":{"line":8,"column":36}},"8":{"start":{"line":10,"column":0},"end":{"line":14,"column":3}},"9":{"start":{"line":15,"column":0},"end":{"line":344,"column":2}},"10":{"start":{"line":17,"column":8},"end":{"line":27,"column":9}},"11":{"start":{"line":18,"column":27},"end":{"line":23,"column":14}},"12":{"start":{"line":24,"column":12},"end":{"line":24,"column":41}},"13":{"start":{"line":26,"column":12},"end":{"line":26,"column":22}},"14":{"start":{"line":31,"column":8},"end":{"line":39,"column":9}},"15":{"start":{"line":32,"column":83},"end":{"line":32,"column":91}},"16":{"start":{"line":33,"column":29},"end":{"line":35,"column":14}},"17":{"start":{"line":36,"column":12},"end":{"line":36,"column":43}},"18":{"start":{"line":38,"column":12},"end":{"line":38,"column":22}},"19":{"start":{"line":43,"column":8},"end":{"line":55,"column":9}},"20":{"start":{"line":44,"column":27},"end":{"line":44,"column":37}},"21":{"start":{"line":45,"column":26},"end":{"line":50,"column":14}},"22":{"start":{"line":51,"column":12},"end":{"line":51,"column":79}},"23":{"start":{"line":51,"column":24},"end":{"line":51,"column":79}},"24":{"start":{"line":52,"column":12},"end":{"line":52,"column":40}},"25":{"start":{"line":54,"column":12},"end":{"line":54,"column":22}},"26":{"start":{"line":59,"column":8},"end":{"line":77,"column":9}},"27":{"start":{"line":60,"column":27},"end":{"line":60,"column":37}},"28":{"start":{"line":61,"column":83},"end":{"line":61,"column":91}},"29":{"start":{"line":62,"column":26},"end":{"line":62,"column":50}},"30":{"start":{"line":63,"column":12},"end":{"line":63,"column":79}},"31":{"start":{"line":63,"column":24},"end":{"line":63,"column":79}},"32":{"start":{"line":65,"column":12},"end":{"line":65,"column":40}},"33":{"start":{"line":66,"column":12},"end":{"line":66,"column":32}},"34":{"start":{"line":67,"column":12},"end":{"line":67,"column":34}},"35":{"start":{"line":68,"column":12},"end":{"line":68,"column":32}},"36":{"start":{"line":69,"column":12},"end":{"line":69,"column":42}},"37":{"start":{"line":70,"column":12},"end":{"line":70,"column":34}},"38":{"start":{"line":71,"column":12},"end":{"line":71,"column":32}},"39":{"start":{"line":73,"column":12},"end":{"line":73,"column":31}},"40":{"start":{"line":74,"column":12},"end":{"line":74,"column":40}},"41":{"start":{"line":76,"column":12},"end":{"line":76,"column":22}},"42":{"start":{"line":81,"column":8},"end":{"line":90,"column":9}},"43":{"start":{"line":82,"column":27},"end":{"line":82,"column":37}},"44":{"start":{"line":83,"column":26},"end":{"line":83,"column":50}},"45":{"start":{"line":84,"column":12},"end":{"line":84,"column":79}},"46":{"start":{"line":84,"column":24},"end":{"line":84,"column":79}},"47":{"start":{"line":86,"column":12},"end":{"line":86,"column":34}},"48":{"start":{"line":87,"column":12},"end":{"line":87,"column":76}},"49":{"start":{"line":89,"column":12},"end":{"line":89,"column":22}},"50":{"start":{"line":94,"column":8},"end":{"line":99,"column":9}},"51":{"start":{"line":95,"column":31},"end":{"line":95,"column":55}},"52":{"start":{"line":96,"column":12},"end":{"line":96,"column":45}},"53":{"start":{"line":98,"column":12},"end":{"line":98,"column":22}},"54":{"start":{"line":103,"column":8},"end":{"line":109,"column":9}},"55":{"start":{"line":104,"column":29},"end":{"line":104,"column":37}},"56":{"start":{"line":105,"column":32},"end":{"line":105,"column":63}},"57":{"start":{"line":106,"column":12},"end":{"line":106,"column":46}},"58":{"start":{"line":108,"column":12},"end":{"line":108,"column":22}},"59":{"start":{"line":113,"column":8},"end":{"line":124,"column":9}},"60":{"start":{"line":114,"column":27},"end":{"line":114,"column":37}},"61":{"start":{"line":115,"column":29},"end":{"line":115,"column":37}},"62":{"start":{"line":116,"column":29},"end":{"line":116,"column":56}},"63":{"start":{"line":117,"column":12},"end":{"line":117,"column":85}},"64":{"start":{"line":117,"column":27},"end":{"line":117,"column":85}},"65":{"start":{"line":119,"column":12},"end":{"line":119,"column":33}},"66":{"start":{"line":120,"column":12},"end":{"line":120,"column":34}},"67":{"start":{"line":121,"column":12},"end":{"line":121,"column":43}},"68":{"start":{"line":123,"column":12},"end":{"line":123,"column":22}},"69":{"start":{"line":128,"column":8},"end":{"line":140,"column":9}},"70":{"start":{"line":129,"column":68},"end":{"line":129,"column":76}},"71":{"start":{"line":130,"column":28},"end":{"line":136,"column":14}},"72":{"start":{"line":137,"column":12},"end":{"line":137,"column":42}},"73":{"start":{"line":139,"column":12},"end":{"line":139,"column":22}},"74":{"start":{"line":144,"column":8},"end":{"line":161,"column":9}},"75":{"start":{"line":145,"column":40},"end":{"line":145,"column":48}},"76":{"start":{"line":146,"column":25},"end":{"line":146,"column":65}},"77":{"start":{"line":148,"column":12},"end":{"line":150,"column":13}},"78":{"start":{"line":149,"column":16},"end":{"line":149,"column":85}},"79":{"start":{"line":152,"column":36},"end":{"line":152,"column":76}},"80":{"start":{"line":153,"column":12},"end":{"line":155,"column":13}},"81":{"start":{"line":154,"column":16},"end":{"line":154,"column":85}},"82":{"start":{"line":157,"column":26},"end":{"line":157,"column":88}},"83":{"start":{"line":158,"column":12},"end":{"line":158,"column":58}},"84":{"start":{"line":160,"column":12},"end":{"line":160,"column":22}},"85":{"start":{"line":165,"column":8},"end":{"line":189,"column":9}},"86":{"start":{"line":166,"column":36},"end":{"line":166,"column":44}},"87":{"start":{"line":167,"column":27},"end":{"line":170,"column":14}},"88":{"start":{"line":171,"column":28},"end":{"line":171,"column":47}},"89":{"start":{"line":173,"column":23},"end":{"line":173,"column":60}},"90":{"start":{"line":175,"column":12},"end":{"line":184,"column":9}},"91":{"start":{"line":176,"column":16},"end":{"line":183,"column":13}},"92":{"start":{"line":185,"column":26},"end":{"line":185,"column":88}},"93":{"start":{"line":186,"column":12},"end":{"line":186,"column":58}},"94":{"start":{"line":188,"column":12},"end":{"line":188,"column":22}},"95":{"start":{"line":194,"column":8},"end":{"line":204,"column":9}},"96":{"start":{"line":195,"column":27},"end":{"line":200,"column":14}},"97":{"start":{"line":201,"column":12},"end":{"line":201,"column":41}},"98":{"start":{"line":203,"column":12},"end":{"line":203,"column":22}},"99":{"start":{"line":208,"column":8},"end":{"line":219,"column":9}},"100":{"start":{"line":209,"column":27},"end":{"line":209,"column":37}},"101":{"start":{"line":210,"column":26},"end":{"line":214,"column":14}},"102":{"start":{"line":215,"column":12},"end":{"line":215,"column":79}},"103":{"start":{"line":215,"column":24},"end":{"line":215,"column":79}},"104":{"start":{"line":216,"column":12},"end":{"line":216,"column":40}},"105":{"start":{"line":218,"column":12},"end":{"line":218,"column":22}},"106":{"start":{"line":223,"column":8},"end":{"line":232,"column":9}},"107":{"start":{"line":224,"column":27},"end":{"line":224,"column":37}},"108":{"start":{"line":225,"column":29},"end":{"line":225,"column":56}},"109":{"start":{"line":226,"column":12},"end":{"line":226,"column":85}},"110":{"start":{"line":226,"column":27},"end":{"line":226,"column":85}},"111":{"start":{"line":228,"column":12},"end":{"line":228,"column":37}},"112":{"start":{"line":229,"column":12},"end":{"line":229,"column":79}},"113":{"start":{"line":231,"column":12},"end":{"line":231,"column":22}},"114":{"start":{"line":236,"column":23},"end":{"line":236,"column":33}},"115":{"start":{"line":237,"column":8},"end":{"line":245,"column":9}},"116":{"start":{"line":238,"column":29},"end":{"line":238,"column":56}},"117":{"start":{"line":239,"column":12},"end":{"line":241,"column":13}},"118":{"start":{"line":240,"column":16},"end":{"line":240,"column":81}},"119":{"start":{"line":242,"column":12},"end":{"line":242,"column":43}},"120":{"start":{"line":244,"column":12},"end":{"line":244,"column":22}},"121":{"start":{"line":249,"column":8},"end":{"line":274,"column":9}},"122":{"start":{"line":250,"column":27},"end":{"line":250,"column":37}},"123":{"start":{"line":251,"column":27},"end":{"line":251,"column":38}},"124":{"start":{"line":253,"column":26},"end":{"line":253,"column":50}},"125":{"start":{"line":255,"column":12},"end":{"line":257,"column":13}},"126":{"start":{"line":256,"column":16},"end":{"line":256,"column":76}},"127":{"start":{"line":259,"column":12},"end":{"line":261,"column":13}},"128":{"start":{"line":260,"column":16},"end":{"line":260,"column":95}},"129":{"start":{"line":263,"column":12},"end":{"line":263,"column":29}},"130":{"start":{"line":265,"column":12},"end":{"line":265,"column":31}},"131":{"start":{"line":267,"column":12},"end":{"line":271,"column":15}},"132":{"start":{"line":273,"column":12},"end":{"line":273,"column":22}},"133":{"start":{"line":278,"column":8},"end":{"line":294,"column":9}},"134":{"start":{"line":279,"column":27},"end":{"line":279,"column":37}},"135":{"start":{"line":281,"column":26},"end":{"line":281,"column":50}},"136":{"start":{"line":282,"column":12},"end":{"line":284,"column":13}},"137":{"start":{"line":283,"column":16},"end":{"line":283,"column":90}},"138":{"start":{"line":286,"column":34},"end":{"line":286,"column":39}},"139":{"start":{"line":288,"column":32},"end":{"line":288,"column":55}},"140":{"start":{"line":290,"column":12},"end":{"line":290,"column":61}},"141":{"start":{"line":292,"column":12},"end":{"line":292,"column":64}},"142":{"start":{"line":293,"column":12},"end":{"line":293,"column":22}},"143":{"start":{"line":298,"column":8},"end":{"line":314,"column":9}},"144":{"start":{"line":299,"column":27},"end":{"line":299,"column":37}},"145":{"start":{"line":301,"column":26},"end":{"line":301,"column":50}},"146":{"start":{"line":302,"column":12},"end":{"line":304,"column":13}},"147":{"start":{"line":303,"column":16},"end":{"line":303,"column":90}},"148":{"start":{"line":306,"column":34},"end":{"line":306,"column":39}},"149":{"start":{"line":308,"column":32},"end":{"line":308,"column":55}},"150":{"start":{"line":310,"column":12},"end":{"line":310,"column":61}},"151":{"start":{"line":312,"column":12},"end":{"line":312,"column":64}},"152":{"start":{"line":313,"column":12},"end":{"line":313,"column":22}},"153":{"start":{"line":318,"column":8},"end":{"line":342,"column":9}},"154":{"start":{"line":319,"column":28},"end":{"line":319,"column":51}},"155":{"start":{"line":320,"column":12},"end":{"line":320,"column":47}},"156":{"start":{"line":321,"column":26},"end":{"line":321,"column":55}},"157":{"start":{"line":322,"column":12},"end":{"line":324,"column":13}},"158":{"start":{"line":323,"column":16},"end":{"line":323,"column":83}},"159":{"start":{"line":326,"column":29},"end":{"line":326,"column":46}},"160":{"start":{"line":327,"column":32},"end":{"line":327,"column":66}},"161":{"start":{"line":328,"column":27},"end":{"line":334,"column":13}},"162":{"start":{"line":335,"column":12},"end":{"line":335,"column":45}},"163":{"start":{"line":336,"column":12},"end":{"line":336,"column":59}},"164":{"start":{"line":338,"column":12},"end":{"line":338,"column":62}},"165":{"start":{"line":340,"column":12},"end":{"line":340,"column":51}},"166":{"start":{"line":341,"column":12},"end":{"line":341,"column":22}}},"fnMap":{"0":{"name":"(anonymous_0)","decl":{"start":{"line":16,"column":4},"end":{"line":16,"column":5}},"loc":{"start":{"line":16,"column":43},"end":{"line":28,"column":5}},"line":16},"1":{"name":"(anonymous_1)","decl":{"start":{"line":30,"column":4},"end":{"line":30,"column":5}},"loc":{"start":{"line":30,"column":45},"end":{"line":40,"column":5}},"line":30},"2":{"name":"(anonymous_2)","decl":{"start":{"line":42,"column":4},"end":{"line":42,"column":5}},"loc":{"start":{"line":42,"column":42},"end":{"line":56,"column":5}},"line":42},"3":{"name":"(anonymous_3)","decl":{"start":{"line":58,"column":4},"end":{"line":58,"column":5}},"loc":{"start":{"line":58,"column":45},"end":{"line":78,"column":5}},"line":58},"4":{"name":"(anonymous_4)","decl":{"start":{"line":80,"column":4},"end":{"line":80,"column":5}},"loc":{"start":{"line":80,"column":45},"end":{"line":91,"column":5}},"line":80},"5":{"name":"(anonymous_5)","decl":{"start":{"line":93,"column":4},"end":{"line":93,"column":5}},"loc":{"start":{"line":93,"column":47},"end":{"line":100,"column":5}},"line":93},"6":{"name":"(anonymous_6)","decl":{"start":{"line":102,"column":4},"end":{"line":102,"column":5}},"loc":{"start":{"line":102,"column":48},"end":{"line":110,"column":5}},"line":102},"7":{"name":"(anonymous_7)","decl":{"start":{"line":112,"column":4},"end":{"line":112,"column":5}},"loc":{"start":{"line":112,"column":48},"end":{"line":125,"column":5}},"line":112},"8":{"name":"(anonymous_8)","decl":{"start":{"line":127,"column":4},"end":{"line":127,"column":5}},"loc":{"start":{"line":127,"column":41},"end":{"line":141,"column":5}},"line":127},"9":{"name":"(anonymous_9)","decl":{"start":{"line":143,"column":4},"end":{"line":143,"column":5}},"loc":{"start":{"line":143,"column":39},"end":{"line":162,"column":5}},"line":143},"10":{"name":"(anonymous_10)","decl":{"start":{"line":164,"column":4},"end":{"line":164,"column":5}},"loc":{"start":{"line":164,"column":45},"end":{"line":190,"column":5}},"line":164},"11":{"name":"(anonymous_11)","decl":{"start":{"line":193,"column":4},"end":{"line":193,"column":5}},"loc":{"start":{"line":193,"column":43},"end":{"line":205,"column":5}},"line":193},"12":{"name":"(anonymous_12)","decl":{"start":{"line":207,"column":4},"end":{"line":207,"column":5}},"loc":{"start":{"line":207,"column":45},"end":{"line":220,"column":5}},"line":207},"13":{"name":"(anonymous_13)","decl":{"start":{"line":222,"column":4},"end":{"line":222,"column":5}},"loc":{"start":{"line":222,"column":48},"end":{"line":233,"column":5}},"line":222},"14":{"name":"(anonymous_14)","decl":{"start":{"line":235,"column":4},"end":{"line":235,"column":5}},"loc":{"start":{"line":235,"column":46},"end":{"line":246,"column":5}},"line":235},"15":{"name":"(anonymous_15)","decl":{"start":{"line":248,"column":4},"end":{"line":248,"column":5}},"loc":{"start":{"line":248,"column":43},"end":{"line":275,"column":5}},"line":248},"16":{"name":"(anonymous_16)","decl":{"start":{"line":277,"column":4},"end":{"line":277,"column":5}},"loc":{"start":{"line":277,"column":53},"end":{"line":295,"column":5}},"line":277},"17":{"name":"(anonymous_17)","decl":{"start":{"line":297,"column":4},"end":{"line":297,"column":5}},"loc":{"start":{"line":297,"column":56},"end":{"line":315,"column":5}},"line":297},"18":{"name":"(anonymous_18)","decl":{"start":{"line":317,"column":4},"end":{"line":317,"column":5}},"loc":{"start":{"line":317,"column":50},"end":{"line":343,"column":5}},"line":317}},"branchMap":{"0":{"loc":{"start":{"line":51,"column":12},"end":{"line":51,"column":79}},"type":"if","locations":[{"start":{"line":51,"column":12},"end":{"line":51,"column":79}},{"start":{},"end":{}}],"line":51},"1":{"loc":{"start":{"line":63,"column":12},"end":{"line":63,"column":79}},"type":"if","locations":[{"start":{"line":63,"column":12},"end":{"line":63,"column":79}},{"start":{},"end":{}}],"line":63},"2":{"loc":{"start":{"line":84,"column":12},"end":{"line":84,"column":79}},"type":"if","locations":[{"start":{"line":84,"column":12},"end":{"line":84,"column":79}},{"start":{},"end":{}}],"line":84},"3":{"loc":{"start":{"line":117,"column":12},"end":{"line":117,"column":85}},"type":"if","locations":[{"start":{"line":117,"column":12},"end":{"line":117,"column":85}},{"start":{},"end":{}}],"line":117},"4":{"loc":{"start":{"line":148,"column":12},"end":{"line":150,"column":13}},"type":"if","locations":[{"start":{"line":148,"column":12},"end":{"line":150,"column":13}},{"start":{},"end":{}}],"line":148},"5":{"loc":{"start":{"line":153,"column":12},"end":{"line":155,"column":13}},"type":"if","locations":[{"start":{"line":153,"column":12},"end":{"line":155,"column":13}},{"start":{},"end":{}}],"line":153},"6":{"loc":{"start":{"line":175,"column":12},"end":{"line":184,"column":9}},"type":"if","locations":[{"start":{"line":175,"column":12},"end":{"line":184,"column":9}},{"start":{},"end":{}}],"line":175},"7":{"loc":{"start":{"line":215,"column":12},"end":{"line":215,"column":79}},"type":"if","locations":[{"start":{"line":215,"column":12},"end":{"line":215,"column":79}},{"start":{},"end":{}}],"line":215},"8":{"loc":{"start":{"line":226,"column":12},"end":{"line":226,"column":85}},"type":"if","locations":[{"start":{"line":226,"column":12},"end":{"line":226,"column":85}},{"start":{},"end":{}}],"line":226},"9":{"loc":{"start":{"line":239,"column":12},"end":{"line":241,"column":13}},"type":"if","locations":[{"start":{"line":239,"column":12},"end":{"line":241,"column":13}},{"start":{},"end":{}}],"line":239},"10":{"loc":{"start":{"line":255,"column":12},"end":{"line":257,"column":13}},"type":"if","locations":[{"start":{"line":255,"column":12},"end":{"line":257,"column":13}},{"start":{},"end":{}}],"line":255},"11":{"loc":{"start":{"line":259,"column":12},"end":{"line":261,"column":13}},"type":"if","locations":[{"start":{"line":259,"column":12},"end":{"line":261,"column":13}},{"start":{},"end":{}}],"line":259},"12":{"loc":{"start":{"line":282,"column":12},"end":{"line":284,"column":13}},"type":"if","locations":[{"start":{"line":282,"column":12},"end":{"line":284,"column":13}},{"start":{},"end":{}}],"line":282},"13":{"loc":{"start":{"line":302,"column":12},"end":{"line":304,"column":13}},"type":"if","locations":[{"start":{"line":302,"column":12},"end":{"line":304,"column":13}},{"start":{},"end":{}}],"line":302},"14":{"loc":{"start":{"line":322,"column":12},"end":{"line":324,"column":13}},"type":"if","locations":[{"start":{"line":322,"column":12},"end":{"line":324,"column":13}},{"start":{},"end":{}}],"line":322}},"s":{"0":2,"1":2,"2":2,"3":2,"4":2,"5":2,"6":2,"7":2,"8":2,"9":2,"10":0,"11":0,"12":0,"13":0,"14":0,"15":0,"16":0,"17":0,"18":0,"19":0,"20":0,"21":0,"22":0,"23":0,"24":0,"25":0,"26":0,"27":0,"28":0,"29":0,"30":0,"31":0,"32":0,"33":0,"34":0,"35":0,"36":0,"37":0,"38":0,"39":0,"40":0,"41":0,"42":0,"43":0,"44":0,"45":0,"46":0,"47":0,"48":0,"49":0,"50":0,"51":0,"52":0,"53":0,"54":0,"55":0,"56":0,"57":0,"58":0,"59":0,"60":0,"61":0,"62":0,"63":0,"64":0,"65":0,"66":0,"67":0,"68":0,"69":0,"70":0,"71":0,"72":0,"73":0,"74":3,"75":3,"76":3,"77":3,"78":2,"79":1,"80":1,"81":0,"82":1,"83":1,"84":2,"85":0,"86":0,"87":0,"88":0,"89":0,"90":0,"91":0,"92":0,"93":0,"94":0,"95":0,"96":0,"97":0,"98":0,"99":0,"100":0,"101":0,"102":0,"103":0,"104":0,"105":0,"106":0,"107":0,"108":0,"109":0,"110":0,"111":0,"112":0,"113":0,"114":0,"115":0,"116":0,"117":0,"118":0,"119":0,"120":0,"121":0,"122":0,"123":0,"124":0,"125":0,"126":0,"127":0,"128":0,"129":0,"130":0,"131":0,"132":0,"133":0,"134":0,"135":0,"136":0,"137":0,"138":0,"139":0,"140":0,"141":0,"142":0,"143":0,"144":0,"145":0,"146":0,"147":0,"148":0,"149":0,"150":0,"151":0,"152":0,"153":0,"154":0,"155":0,"156":0,"157":0,"158":0,"159":0,"160":0,"161":0,"162":0,"163":0,"164":0,"165":0,"166":0},"f":{"0":0,"1":0,"2":0,"3":0,"4":0,"5":0,"6":0,"7":0,"8":0,"9":3,"10":0,"11":0,"12":0,"13":0,"14":0,"15":0,"16":0,"17":0,"18":0},"b":{"0":[0,0],"1":[0,0],"2":[0,0],"3":[0,0],"4":[2,1],"5":[0,1],"6":[0,0],"7":[0,0],"8":[0,0],"9":[0,0],"10":[0,0],"11":[0,0],"12":[0,0],"13":[0,0],"14":[0,0]},"_coverageSchema":"1a1c01bbd47fc00a2c39e90264f33305004495a9","hash":"9748b1847fa535ada0406d35f47370844afe4b69"}
,"D:\\hacktiv8\\newIndividu\\IP-RMT52\\server\\helpers\\bcrypt.js": {"path":"D:\\hacktiv8\\newIndividu\\IP-RMT52\\server\\helpers\\bcrypt.js","statementMap":{"0":{"start":{"line":1,"column":15},"end":{"line":1,"column":32}},"1":{"start":{"line":2,"column":21},"end":{"line":5,"column":1}},"2":{"start":{"line":3,"column":17},"end":{"line":3,"column":39}},"3":{"start":{"line":4,"column":4},"end":{"line":4,"column":42}},"4":{"start":{"line":7,"column":24},"end":{"line":9,"column":1}},"5":{"start":{"line":8,"column":4},"end":{"line":8,"column":55}},"6":{"start":{"line":10,"column":0},"end":{"line":13,"column":1}}},"fnMap":{"0":{"name":"(anonymous_0)","decl":{"start":{"line":2,"column":21},"end":{"line":2,"column":22}},"loc":{"start":{"line":2,"column":35},"end":{"line":5,"column":1}},"line":2},"1":{"name":"(anonymous_1)","decl":{"start":{"line":7,"column":24},"end":{"line":7,"column":25}},"loc":{"start":{"line":7,"column":54},"end":{"line":9,"column":1}},"line":7}},"branchMap":{},"s":{"0":2,"1":2,"2":1,"3":1,"4":2,"5":1,"6":2},"f":{"0":1,"1":1},"b":{},"_coverageSchema":"1a1c01bbd47fc00a2c39e90264f33305004495a9","hash":"222526a58e4300fa3724cf060d594024fa01e479"}
,"D:\\hacktiv8\\newIndividu\\IP-RMT52\\server\\helpers\\gemini.js": {"path":"D:\\hacktiv8\\newIndividu\\IP-RMT52\\server\\helpers\\gemini.js","statementMap":{"0":{"start":{"line":1,"column":31},"end":{"line":1,"column":63}},"1":{"start":{"line":2,"column":0},"end":{"line":2,"column":26}},"2":{"start":{"line":5,"column":15},"end":{"line":18,"column":1}},"3":{"start":{"line":7,"column":18},"end":{"line":7,"column":71}},"4":{"start":{"line":8,"column":18},"end":{"line":8,"column":73}},"5":{"start":{"line":10,"column":19},"end":{"line":10,"column":63}},"6":{"start":{"line":12,"column":19},"end":{"line":12,"column":54}},"7":{"start":{"line":13,"column":21},"end":{"line":13,"column":42}},"8":{"start":{"line":14,"column":15},"end":{"line":14,"column":30}},"9":{"start":{"line":16,"column":4},"end":{"line":16,"column":21}},"10":{"start":{"line":17,"column":4},"end":{"line":17,"column":15}},"11":{"start":{"line":20,"column":0},"end":{"line":20,"column":23}}},"fnMap":{"0":{"name":"(anonymous_0)","decl":{"start":{"line":5,"column":15},"end":{"line":5,"column":16}},"loc":{"start":{"line":5,"column":32},"end":{"line":18,"column":1}},"line":5}},"branchMap":{},"s":{"0":2,"1":2,"2":2,"3":0,"4":0,"5":0,"6":0,"7":0,"8":0,"9":0,"10":0,"11":2},"f":{"0":0},"b":{},"_coverageSchema":"1a1c01bbd47fc00a2c39e90264f33305004495a9","hash":"39dbc22f2af973fdf720d4ada40323a644c02193"}
,"D:\\hacktiv8\\newIndividu\\IP-RMT52\\server\\helpers\\jwt.js": {"path":"D:\\hacktiv8\\newIndividu\\IP-RMT52\\server\\helpers\\jwt.js","statementMap":{"0":{"start":{"line":1,"column":12},"end":{"line":1,"column":35}},"1":{"start":{"line":2,"column":19},"end":{"line":2,"column":41}},"2":{"start":{"line":3,"column":18},"end":{"line":5,"column":1}},"3":{"start":{"line":4,"column":4},"end":{"line":4,"column":38}},"4":{"start":{"line":7,"column":20},"end":{"line":9,"column":1}},"5":{"start":{"line":8,"column":4},"end":{"line":8,"column":41}},"6":{"start":{"line":11,"column":0},"end":{"line":13,"column":1}}},"fnMap":{"0":{"name":"(anonymous_0)","decl":{"start":{"line":3,"column":18},"end":{"line":3,"column":19}},"loc":{"start":{"line":3,"column":28},"end":{"line":5,"column":1}},"line":3},"1":{"name":"(anonymous_1)","decl":{"start":{"line":7,"column":20},"end":{"line":7,"column":21}},"loc":{"start":{"line":7,"column":31},"end":{"line":9,"column":1}},"line":7}},"branchMap":{},"s":{"0":2,"1":2,"2":2,"3":1,"4":2,"5":0,"6":2},"f":{"0":1,"1":0},"b":{},"_coverageSchema":"1a1c01bbd47fc00a2c39e90264f33305004495a9","hash":"a649d74dadae02aa0e95a1a23f3ecef02331242e"}
,"D:\\hacktiv8\\newIndividu\\IP-RMT52\\server\\middlewares\\authentication.js": {"path":"D:\\hacktiv8\\newIndividu\\IP-RMT52\\server\\middlewares\\authentication.js","statementMap":{"0":{"start":{"line":1,"column":17},"end":{"line":1,"column":37}},"1":{"start":{"line":2,"column":24},"end":{"line":2,"column":49}},"2":{"start":{"line":5,"column":24},"end":{"line":5,"column":52}},"3":{"start":{"line":6,"column":4},"end":{"line":9,"column":5}},"4":{"start":{"line":7,"column":8},"end":{"line":7,"column":63}},"5":{"start":{"line":8,"column":8},"end":{"line":8,"column":15}},"6":{"start":{"line":11,"column":22},"end":{"line":11,"column":44}},"7":{"start":{"line":12,"column":4},"end":{"line":15,"column":5}},"8":{"start":{"line":13,"column":8},"end":{"line":13,"column":63}},"9":{"start":{"line":14,"column":8},"end":{"line":14,"column":15}},"10":{"start":{"line":17,"column":4},"end":{"line":30,"column":5}},"11":{"start":{"line":18,"column":21},"end":{"line":18,"column":39}},"12":{"start":{"line":19,"column":21},"end":{"line":19,"column":49}},"13":{"start":{"line":21,"column":8},"end":{"line":24,"column":9}},"14":{"start":{"line":22,"column":12},"end":{"line":22,"column":67}},"15":{"start":{"line":23,"column":12},"end":{"line":23,"column":18}},"16":{"start":{"line":26,"column":8},"end":{"line":26,"column":23}},"17":{"start":{"line":27,"column":8},"end":{"line":27,"column":15}},"18":{"start":{"line":29,"column":8},"end":{"line":29,"column":18}},"19":{"start":{"line":35,"column":0},"end":{"line":35,"column":31}}},"fnMap":{"0":{"name":"authentication","decl":{"start":{"line":4,"column":15},"end":{"line":4,"column":29}},"loc":{"start":{"line":4,"column":46},"end":{"line":33,"column":1}},"line":4}},"branchMap":{"0":{"loc":{"start":{"line":6,"column":4},"end":{"line":9,"column":5}},"type":"if","locations":[{"start":{"line":6,"column":4},"end":{"line":9,"column":5}},{"start":{},"end":{}}],"line":6},"1":{"loc":{"start":{"line":12,"column":4},"end":{"line":15,"column":5}},"type":"if","locations":[{"start":{"line":12,"column":4},"end":{"line":15,"column":5}},{"start":{},"end":{}}],"line":12},"2":{"loc":{"start":{"line":21,"column":8},"end":{"line":24,"column":9}},"type":"if","locations":[{"start":{"line":21,"column":8},"end":{"line":24,"column":9}},{"start":{},"end":{}}],"line":21}},"s":{"0":2,"1":2,"2":0,"3":0,"4":0,"5":0,"6":0,"7":0,"8":0,"9":0,"10":0,"11":0,"12":0,"13":0,"14":0,"15":0,"16":0,"17":0,"18":0,"19":2},"f":{"0":0},"b":{"0":[0,0],"1":[0,0],"2":[0,0]},"_coverageSchema":"1a1c01bbd47fc00a2c39e90264f33305004495a9","hash":"c25eb691146a0f323ece2547eced7a6661a7b728"}
,"D:\\hacktiv8\\newIndividu\\IP-RMT52\\server\\middlewares\\errorHandler.js": {"path":"D:\\hacktiv8\\newIndividu\\IP-RMT52\\server\\middlewares\\errorHandler.js","statementMap":{"0":{"start":{"line":2,"column":4},"end":{"line":2,"column":66}},"1":{"start":{"line":4,"column":4},"end":{"line":26,"column":5}},"2":{"start":{"line":7,"column":12},"end":{"line":7,"column":67}},"3":{"start":{"line":8,"column":12},"end":{"line":8,"column":19}},"4":{"start":{"line":10,"column":12},"end":{"line":10,"column":58}},"5":{"start":{"line":11,"column":12},"end":{"line":11,"column":19}},"6":{"start":{"line":13,"column":12},"end":{"line":13,"column":59}},"7":{"start":{"line":14,"column":12},"end":{"line":14,"column":19}},"8":{"start":{"line":16,"column":12},"end":{"line":16,"column":59}},"9":{"start":{"line":17,"column":12},"end":{"line":17,"column":19}},"10":{"start":{"line":19,"column":12},"end":{"line":19,"column":59}},"11":{"start":{"line":20,"column":12},"end":{"line":20,"column":19}},"12":{"start":{"line":22,"column":12},"end":{"line":22,"column":63}},"13":{"start":{"line":23,"column":12},"end":{"line":23,"column":19}},"14":{"start":{"line":25,"column":12},"end":{"line":25,"column":71}},"15":{"start":{"line":29,"column":0},"end":{"line":29,"column":33}}},"fnMap":{"0":{"name":"errorHandler","decl":{"start":{"line":1,"column":9},"end":{"line":1,"column":21}},"loc":{"start":{"line":1,"column":43},"end":{"line":27,"column":1}},"line":1}},"branchMap":{"0":{"loc":{"start":{"line":4,"column":4},"end":{"line":26,"column":5}},"type":"switch","locations":[{"start":{"line":5,"column":8},"end":{"line":5,"column":40}},{"start":{"line":6,"column":8},"end":{"line":8,"column":19}},{"start":{"line":9,"column":8},"end":{"line":11,"column":19}},{"start":{"line":12,"column":8},"end":{"line":14,"column":19}},{"start":{"line":15,"column":8},"end":{"line":17,"column":19}},{"start":{"line":18,"column":8},"end":{"line":20,"column":19}},{"start":{"line":21,"column":8},"end":{"line":23,"column":19}},{"start":{"line":24,"column":8},"end":{"line":25,"column":71}}],"line":4}},"s":{"0":2,"1":2,"2":0,"3":0,"4":0,"5":0,"6":2,"7":2,"8":0,"9":0,"10":0,"11":0,"12":0,"13":0,"14":0,"15":2},"f":{"0":2},"b":{"0":[0,0,0,2,0,0,0,0]},"_coverageSchema":"1a1c01bbd47fc00a2c39e90264f33305004495a9","hash":"c170de5062cd8b9baa7de5d78a4502e75069f9e9"}
,"D:\\hacktiv8\\newIndividu\\IP-RMT52\\server\\middlewares\\guardAdmin.js": {"path":"D:\\hacktiv8\\newIndividu\\IP-RMT52\\server\\middlewares\\guardAdmin.js","statementMap":{"0":{"start":{"line":2,"column":4},"end":{"line":5,"column":5}},"1":{"start":{"line":3,"column":8},"end":{"line":3,"column":69}},"2":{"start":{"line":4,"column":8},"end":{"line":4,"column":14}},"3":{"start":{"line":6,"column":4},"end":{"line":6,"column":10}},"4":{"start":{"line":9,"column":0},"end":{"line":9,"column":31}}},"fnMap":{"0":{"name":"guardAdmin","decl":{"start":{"line":1,"column":9},"end":{"line":1,"column":19}},"loc":{"start":{"line":1,"column":36},"end":{"line":7,"column":1}},"line":1}},"branchMap":{"0":{"loc":{"start":{"line":2,"column":4},"end":{"line":5,"column":5}},"type":"if","locations":[{"start":{"line":2,"column":4},"end":{"line":5,"column":5}},{"start":{},"end":{}}],"line":2}},"s":{"0":0,"1":0,"2":0,"3":0,"4":2},"f":{"0":0},"b":{"0":[0,0]},"_coverageSchema":"1a1c01bbd47fc00a2c39e90264f33305004495a9","hash":"7b62455ced00963cf829df9bbf49f37b8b8cc46a"}
,"D:\\hacktiv8\\newIndividu\\IP-RMT52\\server\\models\\category.js": {"path":"D:\\hacktiv8\\newIndividu\\IP-RMT52\\server\\models\\category.js","statementMap":{"0":{"start":{"line":4,"column":4},"end":{"line":4,"column":24}},"1":{"start":{"line":5,"column":0},"end":{"line":24,"column":2}},"2":{"start":{"line":14,"column":6},"end":{"line":14,"column":66}},"3":{"start":{"line":17,"column":2},"end":{"line":22,"column":5}},"4":{"start":{"line":23,"column":2},"end":{"line":23,"column":18}}},"fnMap":{"0":{"name":"(anonymous_0)","decl":{"start":{"line":5,"column":17},"end":{"line":5,"column":18}},"loc":{"start":{"line":5,"column":43},"end":{"line":24,"column":1}},"line":5},"1":{"name":"(anonymous_1)","decl":{"start":{"line":12,"column":4},"end":{"line":12,"column":5}},"loc":{"start":{"line":12,"column":29},"end":{"line":15,"column":5}},"line":12}},"branchMap":{},"s":{"0":2,"1":2,"2":2,"3":2,"4":2},"f":{"0":2,"1":2},"b":{},"_coverageSchema":"1a1c01bbd47fc00a2c39e90264f33305004495a9","hash":"24cbc481e6e585a16d951588aca76c1e29e61bf2"}
,"D:\\hacktiv8\\newIndividu\\IP-RMT52\\server\\models\\event.js": {"path":"D:\\hacktiv8\\newIndividu\\IP-RMT52\\server\\models\\event.js","statementMap":{"0":{"start":{"line":4,"column":4},"end":{"line":4,"column":24}},"1":{"start":{"line":5,"column":0},"end":{"line":34,"column":2}},"2":{"start":{"line":14,"column":6},"end":{"line":17,"column":9}},"3":{"start":{"line":18,"column":6},"end":{"line":18,"column":73}},"4":{"start":{"line":21,"column":2},"end":{"line":32,"column":5}},"5":{"start":{"line":33,"column":2},"end":{"line":33,"column":15}}},"fnMap":{"0":{"name":"(anonymous_0)","decl":{"start":{"line":5,"column":17},"end":{"line":5,"column":18}},"loc":{"start":{"line":5,"column":43},"end":{"line":34,"column":1}},"line":5},"1":{"name":"(anonymous_1)","decl":{"start":{"line":12,"column":4},"end":{"line":12,"column":5}},"loc":{"start":{"line":12,"column":29},"end":{"line":19,"column":5}},"line":12}},"branchMap":{},"s":{"0":2,"1":2,"2":2,"3":2,"4":2,"5":2},"f":{"0":2,"1":2},"b":{},"_coverageSchema":"1a1c01bbd47fc00a2c39e90264f33305004495a9","hash":"0c1bd289ae675d7d5a7a66ed5acc78fa56dfd1c1"}
,"D:\\hacktiv8\\newIndividu\\IP-RMT52\\server\\models\\index.js": {"path":"D:\\hacktiv8\\newIndividu\\IP-RMT52\\server\\models\\index.js","statementMap":{"0":{"start":{"line":3,"column":11},"end":{"line":3,"column":24}},"1":{"start":{"line":4,"column":13},"end":{"line":4,"column":28}},"2":{"start":{"line":5,"column":18},"end":{"line":5,"column":38}},"3":{"start":{"line":6,"column":16},"end":{"line":6,"column":34}},"4":{"start":{"line":7,"column":17},"end":{"line":7,"column":42}},"5":{"start":{"line":8,"column":12},"end":{"line":8,"column":49}},"6":{"start":{"line":9,"column":15},"end":{"line":9,"column":65}},"7":{"start":{"line":10,"column":11},"end":{"line":10,"column":13}},"8":{"start":{"line":13,"column":0},"end":{"line":17,"column":1}},"9":{"start":{"line":14,"column":2},"end":{"line":14,"column":74}},"10":{"start":{"line":16,"column":2},"end":{"line":16,"column":87}},"11":{"start":{"line":19,"column":0},"end":{"line":32,"column":5}},"12":{"start":{"line":22,"column":4},"end":{"line":27,"column":6}},"13":{"start":{"line":30,"column":18},"end":{"line":30,"column":85}},"14":{"start":{"line":31,"column":4},"end":{"line":31,"column":27}},"15":{"start":{"line":34,"column":0},"end":{"line":38,"column":3}},"16":{"start":{"line":35,"column":2},"end":{"line":37,"column":3}},"17":{"start":{"line":36,"column":4},"end":{"line":36,"column":32}},"18":{"start":{"line":40,"column":0},"end":{"line":40,"column":25}},"19":{"start":{"line":41,"column":0},"end":{"line":41,"column":25}},"20":{"start":{"line":43,"column":0},"end":{"line":43,"column":20}}},"fnMap":{"0":{"name":"(anonymous_0)","decl":{"start":{"line":21,"column":10},"end":{"line":21,"column":11}},"loc":{"start":{"line":21,"column":18},"end":{"line":28,"column":3}},"line":21},"1":{"name":"(anonymous_1)","decl":{"start":{"line":29,"column":11},"end":{"line":29,"column":12}},"loc":{"start":{"line":29,"column":19},"end":{"line":32,"column":3}},"line":29},"2":{"name":"(anonymous_2)","decl":{"start":{"line":34,"column":24},"end":{"line":34,"column":25}},"loc":{"start":{"line":34,"column":37},"end":{"line":38,"column":1}},"line":34}},"branchMap":{"0":{"loc":{"start":{"line":8,"column":12},"end":{"line":8,"column":49}},"type":"binary-expr","locations":[{"start":{"line":8,"column":12},"end":{"line":8,"column":32}},{"start":{"line":8,"column":36},"end":{"line":8,"column":49}}],"line":8},"1":{"loc":{"start":{"line":13,"column":0},"end":{"line":17,"column":1}},"type":"if","locations":[{"start":{"line":13,"column":0},"end":{"line":17,"column":1}},{"start":{"line":15,"column":7},"end":{"line":17,"column":1}}],"line":13},"2":{"loc":{"start":{"line":23,"column":6},"end":{"line":26,"column":37}},"type":"binary-expr","locations":[{"start":{"line":23,"column":6},"end":{"line":23,"column":29}},{"start":{"line":24,"column":6},"end":{"line":24,"column":23}},{"start":{"line":25,"column":6},"end":{"line":25,"column":30}},{"start":{"line":26,"column":6},"end":{"line":26,"column":37}}],"line":23},"3":{"loc":{"start":{"line":35,"column":2},"end":{"line":37,"column":3}},"type":"if","locations":[{"start":{"line":35,"column":2},"end":{"line":37,"column":3}},{"start":{},"end":{}}],"line":35}},"s":{"0":2,"1":2,"2":2,"3":2,"4":2,"5":2,"6":2,"7":2,"8":2,"9":0,"10":2,"11":2,"12":8,"13":6,"14":6,"15":2,"16":6,"17":6,"18":2,"19":2,"20":2},"f":{"0":8,"1":6,"2":6},"b":{"0":[2,0],"1":[0,2],"2":[8,8,6,6],"3":[6,0]},"_coverageSchema":"1a1c01bbd47fc00a2c39e90264f33305004495a9","hash":"513624943ad3fd16ab6b6b882213779e3030317f"}
,"D:\\hacktiv8\\newIndividu\\IP-RMT52\\server\\models\\user.js": {"path":"D:\\hacktiv8\\newIndividu\\IP-RMT52\\server\\models\\user.js","statementMap":{"0":{"start":{"line":4,"column":4},"end":{"line":4,"column":24}},"1":{"start":{"line":5,"column":25},"end":{"line":5,"column":53}},"2":{"start":{"line":6,"column":0},"end":{"line":65,"column":2}},"3":{"start":{"line":15,"column":6},"end":{"line":15,"column":58}},"4":{"start":{"line":18,"column":2},"end":{"line":60,"column":5}},"5":{"start":{"line":61,"column":2},"end":{"line":63,"column":4}},"6":{"start":{"line":62,"column":4},"end":{"line":62,"column":47}},"7":{"start":{"line":64,"column":2},"end":{"line":64,"column":14}}},"fnMap":{"0":{"name":"(anonymous_0)","decl":{"start":{"line":6,"column":17},"end":{"line":6,"column":18}},"loc":{"start":{"line":6,"column":43},"end":{"line":65,"column":1}},"line":6},"1":{"name":"(anonymous_1)","decl":{"start":{"line":13,"column":4},"end":{"line":13,"column":5}},"loc":{"start":{"line":13,"column":29},"end":{"line":16,"column":5}},"line":13},"2":{"name":"(anonymous_2)","decl":{"start":{"line":61,"column":20},"end":{"line":61,"column":21}},"loc":{"start":{"line":61,"column":30},"end":{"line":63,"column":3}},"line":61}},"branchMap":{},"s":{"0":2,"1":2,"2":2,"3":2,"4":2,"5":2,"6":1,"7":2},"f":{"0":2,"1":2,"2":1},"b":{},"_coverageSchema":"1a1c01bbd47fc00a2c39e90264f33305004495a9","hash":"46e169bf51f212aaa7e1e12d5193973d5ae361d5"}
}
