TN:
SF:app.js
FN:13,(anonymous_0)
FN:50,(anonymous_1)
FNF:2
FNH:1
FNDA:0,(anonymous_0)
FNDA:1,(anonymous_1)
DA:1,2
DA:2,2
DA:4,2
DA:5,2
DA:6,2
DA:7,2
DA:8,2
DA:10,2
DA:11,2
DA:12,2
DA:13,2
DA:14,0
DA:17,2
DA:18,2
DA:19,2
DA:20,2
DA:21,2
DA:23,2
DA:24,2
DA:25,2
DA:26,2
DA:27,2
DA:28,2
DA:30,2
DA:32,2
DA:33,2
DA:34,2
DA:35,2
DA:36,2
DA:37,2
DA:38,2
DA:39,2
DA:40,2
DA:41,2
DA:42,2
DA:43,2
DA:45,2
DA:48,2
DA:50,2
DA:51,1
DA:54,2
LF:41
LH:40
BRDA:1,0,0,2
BRDA:1,0,1,0
BRDA:12,1,0,2
BRDA:12,1,1,2
BRF:4
BRH:3
end_of_record
TN:
SF:controller\EventController.js
FN:16,(anonymous_0)
FN:30,(anonymous_1)
FN:42,(anonymous_2)
FN:58,(anonymous_3)
FN:80,(anonymous_4)
FN:93,(anonymous_5)
FN:102,(anonymous_6)
FN:112,(anonymous_7)
FN:127,(anonymous_8)
FN:143,(anonymous_9)
FN:164,(anonymous_10)
FN:193,(anonymous_11)
FN:207,(anonymous_12)
FN:222,(anonymous_13)
FN:235,(anonymous_14)
FN:248,(anonymous_15)
FN:277,(anonymous_16)
FN:297,(anonymous_17)
FN:317,(anonymous_18)
FNF:19
FNH:1
FNDA:0,(anonymous_0)
FNDA:0,(anonymous_1)
FNDA:0,(anonymous_2)
FNDA:0,(anonymous_3)
FNDA:0,(anonymous_4)
FNDA:0,(anonymous_5)
FNDA:0,(anonymous_6)
FNDA:0,(anonymous_7)
FNDA:0,(anonymous_8)
FNDA:3,(anonymous_9)
FNDA:0,(anonymous_10)
FNDA:0,(anonymous_11)
FNDA:0,(anonymous_12)
FNDA:0,(anonymous_13)
FNDA:0,(anonymous_14)
FNDA:0,(anonymous_15)
FNDA:0,(anonymous_16)
FNDA:0,(anonymous_17)
FNDA:0,(anonymous_18)
DA:1,2
DA:2,2
DA:3,2
DA:4,2
DA:5,2
DA:6,2
DA:7,2
DA:8,2
DA:10,2
DA:15,2
DA:17,0
DA:18,0
DA:24,0
DA:26,0
DA:31,0
DA:32,0
DA:33,0
DA:36,0
DA:38,0
DA:43,0
DA:44,0
DA:45,0
DA:51,0
DA:52,0
DA:54,0
DA:59,0
DA:60,0
DA:61,0
DA:62,0
DA:63,0
DA:65,0
DA:66,0
DA:67,0
DA:68,0
DA:69,0
DA:70,0
DA:71,0
DA:73,0
DA:74,0
DA:76,0
DA:81,0
DA:82,0
DA:83,0
DA:84,0
DA:86,0
DA:87,0
DA:89,0
DA:94,0
DA:95,0
DA:96,0
DA:98,0
DA:103,0
DA:104,0
DA:105,0
DA:106,0
DA:108,0
DA:113,0
DA:114,0
DA:115,0
DA:116,0
DA:117,0
DA:119,0
DA:120,0
DA:121,0
DA:123,0
DA:128,0
DA:129,0
DA:130,0
DA:137,0
DA:139,0
DA:144,3
DA:145,3
DA:146,3
DA:148,3
DA:149,2
DA:152,1
DA:153,1
DA:154,0
DA:157,1
DA:158,1
DA:160,2
DA:165,0
DA:166,0
DA:167,0
DA:171,0
DA:173,0
DA:175,0
DA:176,0
DA:185,0
DA:186,0
DA:188,0
DA:194,0
DA:195,0
DA:201,0
DA:203,0
DA:208,0
DA:209,0
DA:210,0
DA:215,0
DA:216,0
DA:218,0
DA:223,0
DA:224,0
DA:225,0
DA:226,0
DA:228,0
DA:229,0
DA:231,0
DA:236,0
DA:237,0
DA:238,0
DA:239,0
DA:240,0
DA:242,0
DA:244,0
DA:249,0
DA:250,0
DA:251,0
DA:253,0
DA:255,0
DA:256,0
DA:259,0
DA:260,0
DA:263,0
DA:265,0
DA:267,0
DA:273,0
DA:278,0
DA:279,0
DA:281,0
DA:282,0
DA:283,0
DA:286,0
DA:288,0
DA:290,0
DA:292,0
DA:293,0
DA:298,0
DA:299,0
DA:301,0
DA:302,0
DA:303,0
DA:306,0
DA:308,0
DA:310,0
DA:312,0
DA:313,0
DA:318,0
DA:319,0
DA:320,0
DA:321,0
DA:322,0
DA:323,0
DA:326,0
DA:327,0
DA:328,0
DA:335,0
DA:336,0
DA:338,0
DA:340,0
DA:341,0
LF:161
LH:20
BRDA:51,0,0,0
BRDA:51,0,1,0
BRDA:63,1,0,0
BRDA:63,1,1,0
BRDA:84,2,0,0
BRDA:84,2,1,0
BRDA:117,3,0,0
BRDA:117,3,1,0
BRDA:148,4,0,2
BRDA:148,4,1,1
BRDA:153,5,0,0
BRDA:153,5,1,1
BRDA:175,6,0,0
BRDA:175,6,1,0
BRDA:215,7,0,0
BRDA:215,7,1,0
BRDA:226,8,0,0
BRDA:226,8,1,0
BRDA:239,9,0,0
BRDA:239,9,1,0
BRDA:255,10,0,0
BRDA:255,10,1,0
BRDA:259,11,0,0
BRDA:259,11,1,0
BRDA:282,12,0,0
BRDA:282,12,1,0
BRDA:302,13,0,0
BRDA:302,13,1,0
BRDA:322,14,0,0
BRDA:322,14,1,0
BRF:30
BRH:3
end_of_record
TN:
SF:helpers\bcrypt.js
FN:2,(anonymous_0)
FN:7,(anonymous_1)
FNF:2
FNH:2
FNDA:1,(anonymous_0)
FNDA:1,(anonymous_1)
DA:1,2
DA:2,2
DA:3,1
DA:4,1
DA:7,2
DA:8,1
DA:10,2
LF:7
LH:7
BRF:0
BRH:0
end_of_record
TN:
SF:helpers\gemini.js
FN:5,(anonymous_0)
FNF:1
FNH:0
FNDA:0,(anonymous_0)
DA:1,2
DA:2,2
DA:5,2
DA:7,0
DA:8,0
DA:10,0
DA:12,0
DA:13,0
DA:14,0
DA:16,0
DA:17,0
DA:20,2
LF:12
LH:4
BRF:0
BRH:0
end_of_record
TN:
SF:helpers\jwt.js
FN:3,(anonymous_0)
FN:7,(anonymous_1)
FNF:2
FNH:1
FNDA:1,(anonymous_0)
FNDA:0,(anonymous_1)
DA:1,2
DA:2,2
DA:3,2
DA:4,1
DA:7,2
DA:8,0
DA:11,2
LF:7
LH:6
BRF:0
BRH:0
end_of_record
TN:
SF:middlewares\authentication.js
FN:4,authentication
FNF:1
FNH:0
FNDA:0,authentication
DA:1,2
DA:2,2
DA:5,0
DA:6,0
DA:7,0
DA:8,0
DA:11,0
DA:12,0
DA:13,0
DA:14,0
DA:17,0
DA:18,0
DA:19,0
DA:21,0
DA:22,0
DA:23,0
DA:26,0
DA:27,0
DA:29,0
DA:35,2
LF:20
LH:3
BRDA:6,0,0,0
BRDA:6,0,1,0
BRDA:12,1,0,0
BRDA:12,1,1,0
BRDA:21,2,0,0
BRDA:21,2,1,0
BRF:6
BRH:0
end_of_record
TN:
SF:middlewares\errorHandler.js
FN:1,errorHandler
FNF:1
FNH:1
FNDA:2,errorHandler
DA:2,2
DA:4,2
DA:7,0
DA:8,0
DA:10,0
DA:11,0
DA:13,2
DA:14,2
DA:16,0
DA:17,0
DA:19,0
DA:20,0
DA:22,0
DA:23,0
DA:25,0
DA:29,2
LF:16
LH:5
BRDA:4,0,0,0
BRDA:4,0,1,0
BRDA:4,0,2,0
BRDA:4,0,3,2
BRDA:4,0,4,0
BRDA:4,0,5,0
BRDA:4,0,6,0
BRDA:4,0,7,0
BRF:8
BRH:1
end_of_record
TN:
SF:middlewares\guardAdmin.js
FN:1,guardAdmin
FNF:1
FNH:0
FNDA:0,guardAdmin
DA:2,0
DA:3,0
DA:4,0
DA:6,0
DA:9,2
LF:5
LH:1
BRDA:2,0,0,0
BRDA:2,0,1,0
BRF:2
BRH:0
end_of_record
TN:
SF:models\category.js
FN:5,(anonymous_0)
FN:12,(anonymous_1)
FNF:2
FNH:2
FNDA:2,(anonymous_0)
FNDA:2,(anonymous_1)
DA:4,2
DA:5,2
DA:14,2
DA:17,2
DA:23,2
LF:5
LH:5
BRF:0
BRH:0
end_of_record
TN:
SF:models\event.js
FN:5,(anonymous_0)
FN:12,(anonymous_1)
FNF:2
FNH:2
FNDA:2,(anonymous_0)
FNDA:2,(anonymous_1)
DA:4,2
DA:5,2
DA:14,2
DA:18,2
DA:21,2
DA:33,2
LF:6
LH:6
BRF:0
BRH:0
end_of_record
TN:
SF:models\index.js
FN:21,(anonymous_0)
FN:29,(anonymous_1)
FN:34,(anonymous_2)
FNF:3
FNH:3
FNDA:8,(anonymous_0)
FNDA:6,(anonymous_1)
FNDA:6,(anonymous_2)
DA:3,2
DA:4,2
DA:5,2
DA:6,2
DA:7,2
DA:8,2
DA:9,2
DA:10,2
DA:13,2
DA:14,0
DA:16,2
DA:19,2
DA:22,8
DA:30,6
DA:31,6
DA:34,2
DA:35,6
DA:36,6
DA:40,2
DA:41,2
DA:43,2
LF:21
LH:20
BRDA:8,0,0,2
BRDA:8,0,1,0
BRDA:13,1,0,0
BRDA:13,1,1,2
BRDA:23,2,0,8
BRDA:23,2,1,8
BRDA:23,2,2,6
BRDA:23,2,3,6
BRDA:35,3,0,6
BRDA:35,3,1,0
BRF:10
BRH:7
end_of_record
TN:
SF:models\user.js
FN:6,(anonymous_0)
FN:13,(anonymous_1)
FN:61,(anonymous_2)
FNF:3
FNH:3
FNDA:2,(anonymous_0)
FNDA:2,(anonymous_1)
FNDA:1,(anonymous_2)
DA:4,2
DA:5,2
DA:6,2
DA:15,2
DA:18,2
DA:61,2
DA:62,1
DA:64,2
LF:8
LH:8
BRF:0
BRH:0
end_of_record
